<?xml version="1.0" encoding="UTF-8"?>
<!-- Generated by org.testng.reporters.JUnitXMLReporter -->
<testsuite ignored="4" hostname="SAMAIRA" failures="0" tests="5" name="GroupTest" time="42.959" errors="0" timestamp="2023-12-13T16:46:41 IST">
  <testcase classname="testCases.LoginPageTest" name="VerifyTitleOfApplication" time="0.04"/>
  <testcase classname="testCases.LoginPageTest" name="VerifyURLofApplication" time="0.02"/>
  <testcase classname="testCases.Inventory_page_2_test" name="verifyFooterText" time="0.068"/>
  <testcase classname="testCases.Inventory_page_2_test" name="verifyProductLable" time="0.065"/>
  <testcase classname="testCases.Inventory_page_2_test" name="verifyTwitterLogo" time="0.108"/>
  <testcase classname="testCases.Inventory_page_2_test" name="add6products" time="0.0">
    <ignored/>
  </testcase> <!-- add6products -->
  <testcase classname="testCases.LoginPageTest" name="LoginToApplication" time="0.0">
    <ignored/>
  </testcase> <!-- LoginToApplication -->
  <testcase classname="testCases.Inventory_page_2_test" name="verifyLinkedIdLogo" time="0.0">
    <ignored/>
  </testcase> <!-- verifyLinkedIdLogo -->
  <testcase classname="testCases.Inventory_page_2_test" name="verifyFacebookLogo" time="0.0">
    <ignored/>
  </testcase> <!-- verifyFacebookLogo -->
</testsuite> <!-- GroupTest -->
