<?xml version="1.0" encoding="UTF-8"?>
<!-- Generated by org.testng.reporters.JUnitXMLReporter -->
<testsuite ignored="0" hostname="SAMAIRA" failures="0" tests="9" name="Test" time="57.491" errors="0" timestamp="2023-12-13T16:27:05 IST">
  <testcase classname="testCases.LoginPageTest" name="LoginToApplication" time="0.471"/>
  <testcase classname="testCases.LoginPageTest" name="VerifyTitleOfApplication" time="0.016"/>
  <testcase classname="testCases.LoginPageTest" name="VerifyURLofApplication" time="0.023"/>
  <testcase classname="testCases.Inventory_page_2_test" name="add6products" time="0.811"/>
  <testcase classname="testCases.Inventory_page_2_test" name="verifyFacebookLogo" time="0.065"/>
  <testcase classname="testCases.Inventory_page_2_test" name="verifyFooterText" time="0.061"/>
  <testcase classname="testCases.Inventory_page_2_test" name="verifyLinkedIdLogo" time="0.062"/>
  <testcase classname="testCases.Inventory_page_2_test" name="verifyProductLable" time="0.054"/>
  <testcase classname="testCases.Inventory_page_2_test" name="verifyTwitterLogo" time="0.09"/>
</testsuite> <!-- Test -->
