<?xml version="1.0" encoding="UTF-8"?>
<!-- Generated by org.testng.reporters.JUnitReportReporter -->
<testsuite hostname="SAMAIRA" failures="0" tests="3" name="testCases.Inventory_page_2_test" time="22.957" errors="0" timestamp="2023-12-13T16:46:41 IST" skipped="0">
  <testcase classname="testCases.Inventory_page_2_test" name="verifyProductLable" time="7.610"/>
  <system-out>
    <![CDATA[Lable Of Inventory Page=Products]]>
  </system-out>
  <testcase classname="testCases.Inventory_page_2_test" name="verifyFooterText" time="7.670"/>
  <system-out>
    <![CDATA[Footer Page Text=© 2023 Sauce Labs. All Rights Reserved. Terms of Service | Privacy Policy]]>
  </system-out>
  <testcase classname="testCases.Inventory_page_2_test" name="verifyTwitterLogo" time="7.677"/>
  <system-out>
    <![CDATA[Visibility Of Twitter Logo=true]]>
  </system-out>
</testsuite> <!-- testCases.Inventory_page_2_test -->
